<?xml version="1.0" encoding="UTF-8"?>
<testsuite name="AnimalTest" tests="8" skipped="0" failures="0" errors="0" timestamp="2017-10-02T10:40:27" hostname="collins-lenovo-flex-2-14" time="1.03">
  <properties/>
  <testcase name="find_returnsNullWhenNoAnimalFound_null" classname="AnimalTest" time="0.744"/>
  <testcase name="animal_instantiatesCorrectly_false" classname="AnimalTest" time="0.015"/>
  <testcase name="save_assignsIdToObjectAndSavesObjectToDatabase" classname="AnimalTest" time="0.152"/>
  <testcase name="equals_returnsTrueIfNameIsTheSame_false" classname="AnimalTest" time="0.01"/>
  <testcase name="delete_deletesAnimalFromDatabase_0" classname="AnimalTest" time="0.028"/>
  <testcase name="all_returnsAllInstancesOfAnimal_false" classname="AnimalTest" time="0.035"/>
  <testcase name="getName_animalInstantiatesWithName_Hyena" classname="AnimalTest" time="0.01"/>
  <testcase name="find_returnsAnimalWithSameId_secondAnimal" classname="AnimalTest" time="0.027"/>
  <system-out><![CDATA[]]></system-out>
  <system-err><![CDATA[]]></system-err>
</testsuite>
