<?xml version="1.0" encoding="UTF-8"?>
<testsuite name="AnimalTest" tests="2" skipped="0" failures="0" errors="0" timestamp="2017-09-05T18:36:52" hostname="collins-Lenovo-Flex-2-14" time="0.003">
  <properties/>
  <testcase name="instantiatesWell" classname="AnimalTest" time="0.002"/>
  <testcase name="getterMethodsWorkwell_true" classname="AnimalTest" time="0.0"/>
  <system-out><![CDATA[]]></system-out>
  <system-err><![CDATA[]]></system-err>
</testsuite>
